<?xml version="1.0" encoding="UTF-8"?>
<!-- Generated by org.testng.reporters.JUnitXMLReporter -->
<testsuite hostname="MacBook-Pro-de-Mac.local" ignored="0" name="Default test" tests="1" failures="0" timestamp="16 mar 2017 10:45:06 GMT" time="0.047" errors="0">
  <testcase name="@BeforeTest formData" time="0.0" classname="Test.Appointment">
    <failure type="org.testng.TestNGException" message="
Parameter &amp;apos;page&amp;apos; is required by BeforeTest on method formData but has not been marked @Optional or defined
in /private/var/folders/3s/0c4w7rk94h1dgq38tf0ymzxw0000gn/T/testng-eclipse--833491849/testng-customsuite.xml">
      <![CDATA[org.testng.TestNGException: 
Parameter 'page' is required by BeforeTest on method formData but has not been marked @Optional or defined
in /private/var/folders/3s/0c4w7rk94h1dgq38tf0ymzxw0000gn/T/testng-eclipse--833491849/testng-customsuite.xml
	at org.testng.internal.Parameters.createParameters(Parameters.java:199)
	at org.testng.internal.Parameters.createParameters(Parameters.java:443)
	at org.testng.internal.Parameters.createConfigurationParameters(Parameters.java:118)
	at org.testng.internal.Invoker.invokeConfigurations(Invoker.java:203)
	at org.testng.internal.Invoker.invokeConfigurations(Invoker.java:144)
	at org.testng.TestRunner.beforeRun(TestRunner.java:634)
	at org.testng.TestRunner.run(TestRunner.java:602)
	at org.testng.SuiteRunner.runTest(SuiteRunner.java:387)
	at org.testng.SuiteRunner.runSequentially(SuiteRunner.java:382)
	at org.testng.SuiteRunner.privateRun(SuiteRunner.java:340)
	at org.testng.SuiteRunner.run(SuiteRunner.java:289)
	at org.testng.SuiteRunnerWorker.runSuite(SuiteRunnerWorker.java:52)
	at org.testng.SuiteRunnerWorker.run(SuiteRunnerWorker.java:86)
	at org.testng.TestNG.runSuitesSequentially(TestNG.java:1293)
	at org.testng.TestNG.runSuitesLocally(TestNG.java:1218)
	at org.testng.TestNG.runSuites(TestNG.java:1133)
	at org.testng.TestNG.run(TestNG.java:1104)
	at org.testng.remote.AbstractRemoteTestNG.run(AbstractRemoteTestNG.java:132)
	at org.testng.remote.RemoteTestNG.initAndRun(RemoteTestNG.java:236)
	at org.testng.remote.RemoteTestNG.main(RemoteTestNG.java:81)
]]>
    </failure>
  </testcase> <!-- @BeforeTest formData -->
  <testcase name="validateFielsd" time="0.004" classname="Test.Appointment">
    <skipped/>
  </testcase> <!-- validateFielsd -->
</testsuite> <!-- Default test -->
