<?xml version="1.0" encoding="UTF-8"?>
<testng-results skipped="0" failed="2" ignored="0" total="4" passed="2">
  <reporter-output>
  </reporter-output>
  <suite name="automationPSL" duration-ms="1900" started-at="2017-03-16T13:13:38Z" finished-at="2017-03-16T13:13:40Z">
    <groups>
    </groups>
    <test name="TestIds" duration-ms="1900" started-at="2017-03-16T13:13:38Z" finished-at="2017-03-16T13:13:40Z">
      <class name="Test.Appointment">
        <test-method status="PASS" signature="formData(java.lang.String, java.lang.String, java.lang.String, java.lang.String, java.lang.String)[pri:0, instance:Test.Appointment@3012646b]" name="formData" is-config="true" duration-ms="1840" started-at="2017-03-16T08:13:38Z" finished-at="2017-03-16T08:13:40Z">
          <params>
            <param index="0">
              <value>
                <![CDATA[http://automatizacion.herokuapp.com/pperez/appointmentScheduling]]>
              </value>
            </param>
            <param index="1">
              <value>
                <![CDATA[04-12-78hjg2017]]>
              </value>
            </param>
            <param index="2">
              <value>
                <![CDATA[123123]]>
              </value>
            </param>
            <param index="3">
              <value>
                <![CDATA[123123]]>
              </value>
            </param>
            <param index="4">
              <value>
                <![CDATA[Cita para odontologÃ­a]]>
              </value>
            </param>
          </params>
          <reporter-output>
          </reporter-output>
        </test-method> <!-- formData -->
        <test-method status="PASS" signature="validateDatasNumerics(java.lang.String, java.lang.String)[pri:0, instance:Test.Appointment@3012646b]" name="validateDatasNumerics" duration-ms="6" started-at="2017-03-16T08:13:40Z" finished-at="2017-03-16T08:13:40Z">
          <params>
            <param index="0">
              <value>
                <![CDATA[123123]]>
              </value>
            </param>
            <param index="1">
              <value>
                <![CDATA[123123]]>
              </value>
            </param>
          </params>
          <reporter-output>
          </reporter-output>
        </test-method> <!-- validateDatasNumerics -->
        <test-method status="FAIL" signature="validateDateAppoinment(java.lang.String)[pri:0, instance:Test.Appointment@3012646b]" name="validateDateAppoinment" duration-ms="16" started-at="2017-03-16T08:13:40Z" finished-at="2017-03-16T08:13:40Z">
          <params>
            <param index="0">
              <value>
                <![CDATA[04-12-78hjg2017]]>
              </value>
            </param>
          </params>
          <exception class="java.lang.AssertionError">
            <message>
              <![CDATA[The date can not be less than the currente date expected [false] but found [true]]]>
            </message>
            <full-stacktrace>
              <![CDATA[java.lang.AssertionError: The date can not be less than the currente date expected [false] but found [true]
	at org.testng.Assert.fail(Assert.java:94)
	at org.testng.Assert.failNotEquals(Assert.java:513)
	at org.testng.Assert.assertFalse(Assert.java:63)
	at Test.Appointment.validateDateAppoinment(Appointment.java:53)
	at sun.reflect.NativeMethodAccessorImpl.invoke0(Native Method)
	at sun.reflect.NativeMethodAccessorImpl.invoke(NativeMethodAccessorImpl.java:62)
	at sun.reflect.DelegatingMethodAccessorImpl.invoke(DelegatingMethodAccessorImpl.java:43)
	at java.lang.reflect.Method.invoke(Method.java:498)
	at org.testng.internal.MethodInvocationHelper.invokeMethod(MethodInvocationHelper.java:104)
	at org.testng.internal.Invoker.invokeMethod(Invoker.java:645)
	at org.testng.internal.Invoker.invokeTestMethod(Invoker.java:851)
	at org.testng.internal.Invoker.invokeTestMethods(Invoker.java:1177)
	at org.testng.internal.TestMethodWorker.invokeTestMethods(TestMethodWorker.java:129)
	at org.testng.internal.TestMethodWorker.run(TestMethodWorker.java:112)
	at org.testng.TestRunner.privateRun(TestRunner.java:756)
	at org.testng.TestRunner.run(TestRunner.java:610)
	at org.testng.SuiteRunner.runTest(SuiteRunner.java:387)
	at org.testng.SuiteRunner.runSequentially(SuiteRunner.java:382)
	at org.testng.SuiteRunner.privateRun(SuiteRunner.java:340)
	at org.testng.SuiteRunner.run(SuiteRunner.java:289)
	at org.testng.SuiteRunnerWorker.runSuite(SuiteRunnerWorker.java:52)
	at org.testng.SuiteRunnerWorker.run(SuiteRunnerWorker.java:86)
	at org.testng.TestNG.runSuitesSequentially(TestNG.java:1293)
	at org.testng.TestNG.runSuitesLocally(TestNG.java:1218)
	at org.testng.TestNG.runSuites(TestNG.java:1133)
	at org.testng.TestNG.run(TestNG.java:1104)
	at org.testng.remote.AbstractRemoteTestNG.run(AbstractRemoteTestNG.java:132)
	at org.testng.remote.RemoteTestNG.initAndRun(RemoteTestNG.java:236)
	at org.testng.remote.RemoteTestNG.main(RemoteTestNG.java:81)
]]>
            </full-stacktrace>
          </exception> <!-- java.lang.AssertionError -->
          <reporter-output>
          </reporter-output>
        </test-method> <!-- validateDateAppoinment -->
        <test-method status="FAIL" signature="validateDateFormat(java.lang.String)[pri:0, instance:Test.Appointment@3012646b]" name="validateDateFormat" duration-ms="2" started-at="2017-03-16T08:13:40Z" finished-at="2017-03-16T08:13:40Z">
          <params>
            <param index="0">
              <value>
                <![CDATA[04-12-78hjg2017]]>
              </value>
            </param>
          </params>
          <exception class="java.lang.IllegalArgumentException">
            <message>
              <![CDATA[Cannot format given Object as a Date]]>
            </message>
            <full-stacktrace>
              <![CDATA[java.lang.IllegalArgumentException: Cannot format given Object as a Date
	at java.text.DateFormat.format(DateFormat.java:310)
	at java.text.Format.format(Format.java:157)
	at Page.PageAppointment.isDateFormat(PageAppointment.java:75)
	at Test.Appointment.validateDateFormat(Appointment.java:46)
	at sun.reflect.NativeMethodAccessorImpl.invoke0(Native Method)
	at sun.reflect.NativeMethodAccessorImpl.invoke(NativeMethodAccessorImpl.java:62)
	at sun.reflect.DelegatingMethodAccessorImpl.invoke(DelegatingMethodAccessorImpl.java:43)
	at java.lang.reflect.Method.invoke(Method.java:498)
	at org.testng.internal.MethodInvocationHelper.invokeMethod(MethodInvocationHelper.java:104)
	at org.testng.internal.Invoker.invokeMethod(Invoker.java:645)
	at org.testng.internal.Invoker.invokeTestMethod(Invoker.java:851)
	at org.testng.internal.Invoker.invokeTestMethods(Invoker.java:1177)
	at org.testng.internal.TestMethodWorker.invokeTestMethods(TestMethodWorker.java:129)
	at org.testng.internal.TestMethodWorker.run(TestMethodWorker.java:112)
	at org.testng.TestRunner.privateRun(TestRunner.java:756)
	at org.testng.TestRunner.run(TestRunner.java:610)
	at org.testng.SuiteRunner.runTest(SuiteRunner.java:387)
	at org.testng.SuiteRunner.runSequentially(SuiteRunner.java:382)
	at org.testng.SuiteRunner.privateRun(SuiteRunner.java:340)
	at org.testng.SuiteRunner.run(SuiteRunner.java:289)
	at org.testng.SuiteRunnerWorker.runSuite(SuiteRunnerWorker.java:52)
	at org.testng.SuiteRunnerWorker.run(SuiteRunnerWorker.java:86)
	at org.testng.TestNG.runSuitesSequentially(TestNG.java:1293)
	at org.testng.TestNG.runSuitesLocally(TestNG.java:1218)
	at org.testng.TestNG.runSuites(TestNG.java:1133)
	at org.testng.TestNG.run(TestNG.java:1104)
	at org.testng.remote.AbstractRemoteTestNG.run(AbstractRemoteTestNG.java:132)
	at org.testng.remote.RemoteTestNG.initAndRun(RemoteTestNG.java:236)
	at org.testng.remote.RemoteTestNG.main(RemoteTestNG.java:81)
]]>
            </full-stacktrace>
          </exception> <!-- java.lang.IllegalArgumentException -->
          <reporter-output>
          </reporter-output>
        </test-method> <!-- validateDateFormat -->
        <test-method status="PASS" signature="validateFieldsEmpty(java.lang.String, java.lang.String)[pri:0, instance:Test.Appointment@3012646b]" name="validateFieldsEmpty" duration-ms="1" started-at="2017-03-16T08:13:40Z" finished-at="2017-03-16T08:13:40Z">
          <params>
            <param index="0">
              <value>
                <![CDATA[123123]]>
              </value>
            </param>
            <param index="1">
              <value>
                <![CDATA[123123]]>
              </value>
            </param>
          </params>
          <reporter-output>
          </reporter-output>
        </test-method> <!-- validateFieldsEmpty -->
      </class> <!-- Test.Appointment -->
    </test> <!-- TestIds -->
  </suite> <!-- automationPSL -->
</testng-results>
